<?xml version="1.0" encoding="UTF-8"?>
<testng-results ignored="0" total="1" passed="1" failed="0" skipped="0">
  <reporter-output>
  </reporter-output>
  <suite started-at="2022-09-28T16:55:19 IST" name="Default suite" finished-at="2022-09-28T16:55:24 IST" duration-ms="4388">
    <groups>
    </groups>
    <test started-at="2022-09-28T16:55:19 IST" name="Default test" finished-at="2022-09-28T16:55:24 IST" duration-ms="4388">
      <class name="auto.Logintest">
        <test-method signature="register()[pri:0, instance:auto.Logintest@73700b80]" started-at="2022-09-28T16:55:19 IST" name="register" finished-at="2022-09-28T16:55:24 IST" duration-ms="4349" status="PASS">
          <reporter-output>
          </reporter-output>
        </test-method> <!-- register -->
      </class> <!-- auto.Logintest -->
    </test> <!-- Default test -->
  </suite> <!-- Default suite -->
</testng-results>
